{"E:\\LENOVO_LEGION\\JS-learn-2.0\\RS-SCHOOL\\react-2023-q4-two\\src\\components\\AppRoutes.tsx": {"path":"E:\\LENOVO_LEGION\\JS-learn-2.0\\RS-SCHOOL\\react-2023-q4-two\\src\\components\\AppRoutes.tsx","statementMap":{"0":{"start":{"line":2,"column":0},"end":{"line":2,"column":74}},"1":{"start":{"line":3,"column":0},"end":{"line":3,"column":61}},"2":{"start":{"line":4,"column":0},"end":{"line":4,"column":58}},"3":{"start":{"line":5,"column":0},"end":{"line":5,"column":58}},"4":{"start":{"line":8,"column":2},"end":{"line":18,"column":4}},"5":{"start":{"line":21,"column":0},"end":{"line":21,"column":25}}},"fnMap":{"0":{"name":"AppRoutes","decl":{"start":{"line":7,"column":9},"end":{"line":7,"column":18}},"loc":{"start":{"line":7,"column":18},"end":{"line":19,"column":1}}}},"branchMap":{},"s":{"0":1,"1":1,"2":1,"3":1,"4":1,"5":1},"f":{"0":1},"b":{}}
,"E:\\LENOVO_LEGION\\JS-learn-2.0\\RS-SCHOOL\\react-2023-q4-two\\src\\components\\rtl-utils.tsx": {"path":"E:\\LENOVO_LEGION\\JS-learn-2.0\\RS-SCHOOL\\react-2023-q4-two\\src\\components\\rtl-utils.tsx","statementMap":{"0":{"start":{"line":2,"column":0},"end":{"line":2,"column":48}},"1":{"start":{"line":4,"column":0},"end":{"line":4,"column":39}},"2":{"start":{"line":7,"column":0},"end":{"line":7,"column":75}},"3":{"start":{"line":23,"column":4},"end":{"line":23,"column":57}},"4":{"start":{"line":25,"column":2},"end":{"line":25,"column":74}},"5":{"start":{"line":14,"column":0},"end":{"line":14,"column":16}},"6":{"start":{"line":29,"column":32},"end":{"line":29,"column":38}},"7":{"start":{"line":28,"column":0},"end":{"line":28,"column":39}}},"fnMap":{"0":{"name":"renderWithProviders","decl":{"start":{"line":14,"column":16},"end":{"line":14,"column":35}},"loc":{"start":{"line":20,"column":31},"end":{"line":26,"column":1}}},"1":{"name":"Wrapper","decl":{"start":{"line":22,"column":11},"end":{"line":22,"column":18}},"loc":{"start":{"line":22,"column":58},"end":{"line":24,"column":3}}}},"branchMap":{"0":{"loc":{"start":{"line":16,"column":2},"end":{"line":20,"column":31}},"type":"default-arg","locations":[{"start":{"line":20,"column":29},"end":{"line":20,"column":31}}]},"1":{"loc":{"start":{"line":17,"column":4},"end":{"line":17,"column":23}},"type":"default-arg","locations":[{"start":{"line":17,"column":21},"end":{"line":17,"column":23}}]},"2":{"loc":{"start":{"line":18,"column":4},"end":{"line":18,"column":38}},"type":"default-arg","locations":[{"start":{"line":18,"column":12},"end":{"line":18,"column":38}}]}},"s":{"0":6,"1":6,"2":6,"3":10,"4":10,"5":6,"6":6,"7":6},"f":{"0":10,"1":10},"b":{"0":[10],"1":[10],"2":[10]}}
,"E:\\LENOVO_LEGION\\JS-learn-2.0\\RS-SCHOOL\\react-2023-q4-two\\src\\components\\AppLayout\\AppLayout.tsx": {"path":"E:\\LENOVO_LEGION\\JS-learn-2.0\\RS-SCHOOL\\react-2023-q4-two\\src\\components\\AppLayout\\AppLayout.tsx","statementMap":{"0":{"start":{"line":1,"column":0},"end":{"line":1,"column":42}},"1":{"start":{"line":2,"column":0},"end":{"line":2,"column":26}},"2":{"start":{"line":5,"column":2},"end":{"line":10,"column":4}},"3":{"start":{"line":4,"column":0},"end":{"line":4,"column":24}}},"fnMap":{"0":{"name":"AppLayout","decl":{"start":{"line":4,"column":24},"end":{"line":4,"column":33}},"loc":{"start":{"line":4,"column":33},"end":{"line":11,"column":1}}}},"branchMap":{},"s":{"0":2,"1":2,"2":2,"3":2},"f":{"0":2},"b":{}}
,"E:\\LENOVO_LEGION\\JS-learn-2.0\\RS-SCHOOL\\react-2023-q4-two\\src\\components\\Details\\DetailsComponent.tsx": {"path":"E:\\LENOVO_LEGION\\JS-learn-2.0\\RS-SCHOOL\\react-2023-q4-two\\src\\components\\Details\\DetailsComponent.tsx","statementMap":{"0":{"start":{"line":1,"column":0},"end":{"line":1,"column":34}},"1":{"start":{"line":2,"column":0},"end":{"line":2,"column":64}},"2":{"start":{"line":3,"column":0},"end":{"line":3,"column":33}},"3":{"start":{"line":5,"column":0},"end":{"line":5,"column":58}},"4":{"start":{"line":6,"column":0},"end":{"line":6,"column":73}},"5":{"start":{"line":7,"column":0},"end":{"line":7,"column":58}},"6":{"start":{"line":8,"column":0},"end":{"line":8,"column":53}},"7":{"start":{"line":11,"column":36},"end":{"line":11,"column":53}},"8":{"start":{"line":12,"column":19},"end":{"line":12,"column":32}},"9":{"start":{"line":14,"column":32},"end":{"line":14,"column":85}},"10":{"start":{"line":14,"column":63},"end":{"line":14,"column":84}},"11":{"start":{"line":16,"column":33},"end":{"line":16,"column":78}},"12":{"start":{"line":18,"column":27},"end":{"line":18,"column":48}},"13":{"start":{"line":20,"column":2},"end":{"line":28,"column":19}},"14":{"start":{"line":21,"column":4},"end":{"line":21,"column":52}},"15":{"start":{"line":22,"column":4},"end":{"line":22,"column":41}},"16":{"start":{"line":24,"column":4},"end":{"line":27,"column":6}},"17":{"start":{"line":25,"column":6},"end":{"line":25,"column":34}},"18":{"start":{"line":26,"column":6},"end":{"line":26,"column":30}},"19":{"start":{"line":30,"column":2},"end":{"line":59,"column":4}},"20":{"start":{"line":40,"column":14},"end":{"line":40,"column":54}},"21":{"start":{"line":10,"column":0},"end":{"line":10,"column":24}}},"fnMap":{"0":{"name":"DetailsComponent","decl":{"start":{"line":10,"column":24},"end":{"line":10,"column":40}},"loc":{"start":{"line":10,"column":82},"end":{"line":60,"column":1}}},"1":{"name":"(anonymous_1)","decl":{"start":{"line":14,"column":52},"end":{"line":14,"column":53}},"loc":{"start":{"line":14,"column":63},"end":{"line":14,"column":84}}},"2":{"name":"(anonymous_2)","decl":{"start":{"line":20,"column":12},"end":{"line":20,"column":15}},"loc":{"start":{"line":20,"column":17},"end":{"line":28,"column":3}}},"3":{"name":"(anonymous_3)","decl":{"start":{"line":24,"column":11},"end":{"line":24,"column":14}},"loc":{"start":{"line":24,"column":16},"end":{"line":27,"column":5}}},"4":{"name":"(anonymous_4)","decl":{"start":{"line":39,"column":21},"end":{"line":39,"column":24}},"loc":{"start":{"line":39,"column":26},"end":{"line":41,"column":13}}}},"branchMap":{"0":{"loc":{"start":{"line":32,"column":7},"end":{"line":56,"column":null}},"type":"cond-expr","locations":[{"start":{"line":33,"column":8},"end":{"line":33,"column":72}},{"start":{"line":35,"column":8},"end":{"line":55,"column":null}}]},"1":{"loc":{"start":{"line":32,"column":7},"end":{"line":32,"column":41}},"type":"binary-expr","locations":[{"start":{"line":32,"column":7},"end":{"line":32,"column":24}},{"start":{"line":32,"column":28},"end":{"line":32,"column":41}}]}},"s":{"0":6,"1":6,"2":6,"3":6,"4":6,"5":6,"6":6,"7":20,"8":20,"9":20,"10":41,"11":20,"12":20,"13":20,"14":5,"15":5,"16":5,"17":5,"18":5,"19":20,"20":1,"21":6},"f":{"0":20,"1":41,"2":5,"3":5,"4":1},"b":{"0":[15,5],"1":[20,10]}}
,"E:\\LENOVO_LEGION\\JS-learn-2.0\\RS-SCHOOL\\react-2023-q4-two\\src\\components\\ErrorButton\\ErrorButton.tsx": {"path":"E:\\LENOVO_LEGION\\JS-learn-2.0\\RS-SCHOOL\\react-2023-q4-two\\src\\components\\ErrorButton\\ErrorButton.tsx","statementMap":{"0":{"start":{"line":1,"column":0},"end":{"line":1,"column":34}},"1":{"start":{"line":2,"column":0},"end":{"line":2,"column":28}},"2":{"start":{"line":7,"column":4},"end":{"line":7,"column":17}},"3":{"start":{"line":13,"column":2},"end":{"line":15,"column":null}},"4":{"start":{"line":14,"column":4},"end":{"line":14,"column":35}},"5":{"start":{"line":8,"column":4},"end":{"line":10,"column":6}},"6":{"start":{"line":18,"column":22},"end":{"line":18,"column":32}},"7":{"start":{"line":20,"column":4},"end":{"line":22,"column":null}},"8":{"start":{"line":21,"column":6},"end":{"line":21,"column":50}},"9":{"start":{"line":24,"column":4},"end":{"line":28,"column":6}},"10":{"start":{"line":32,"column":0},"end":{"line":32,"column":27}}},"fnMap":{"0":{"name":"(anonymous_0)","decl":{"start":{"line":6,"column":2},"end":{"line":6,"column":14}},"loc":{"start":{"line":6,"column":27},"end":{"line":11,"column":3}}},"1":{"name":"(anonymous_1)","decl":{"start":{"line":13,"column":25},"end":{"line":13,"column":34}},"loc":{"start":{"line":13,"column":36},"end":{"line":15,"column":3}}},"2":{"name":"(anonymous_2)","decl":{"start":{"line":17,"column":2},"end":{"line":17,"column":8}},"loc":{"start":{"line":17,"column":8},"end":{"line":29,"column":3}}}},"branchMap":{"0":{"loc":{"start":{"line":20,"column":4},"end":{"line":22,"column":null}},"type":"if","locations":[{"start":{"line":20,"column":4},"end":{"line":22,"column":null}}]}},"s":{"0":3,"1":3,"2":3,"3":3,"4":0,"5":3,"6":16,"7":16,"8":0,"9":16,"10":3},"f":{"0":3,"1":0,"2":16},"b":{"0":[0]}}
,"E:\\LENOVO_LEGION\\JS-learn-2.0\\RS-SCHOOL\\react-2023-q4-two\\src\\components\\Hero\\Hero.tsx": {"path":"E:\\LENOVO_LEGION\\JS-learn-2.0\\RS-SCHOOL\\react-2023-q4-two\\src\\components\\Hero\\Hero.tsx","statementMap":{"0":{"start":{"line":1,"column":0},"end":{"line":1,"column":21}},"1":{"start":{"line":3,"column":0},"end":{"line":3,"column":60}},"2":{"start":{"line":4,"column":0},"end":{"line":4,"column":73}},"3":{"start":{"line":5,"column":0},"end":{"line":5,"column":58}},"4":{"start":{"line":8,"column":18},"end":{"line":8,"column":41}},"5":{"start":{"line":9,"column":25},"end":{"line":9,"column":78}},"6":{"start":{"line":9,"column":56},"end":{"line":9,"column":77}},"7":{"start":{"line":10,"column":27},"end":{"line":10,"column":48}},"8":{"start":{"line":12,"column":2},"end":{"line":35,"column":4}},"9":{"start":{"line":17,"column":8},"end":{"line":22,"column":null}},"10":{"start":{"line":18,"column":10},"end":{"line":18,"column":50}},"11":{"start":{"line":19,"column":10},"end":{"line":19,"column":27}},"12":{"start":{"line":21,"column":10},"end":{"line":21,"column":17}},"13":{"start":{"line":24,"column":8},"end":{"line":24,"column":47}},"14":{"start":{"line":26,"column":8},"end":{"line":26,"column":31}},"15":{"start":{"line":28,"column":23},"end":{"line":28,"column":50}},"16":{"start":{"line":7,"column":0},"end":{"line":7,"column":24}}},"fnMap":{"0":{"name":"Hero","decl":{"start":{"line":7,"column":24},"end":{"line":7,"column":28}},"loc":{"start":{"line":7,"column":71},"end":{"line":36,"column":1}}},"1":{"name":"(anonymous_1)","decl":{"start":{"line":9,"column":45},"end":{"line":9,"column":46}},"loc":{"start":{"line":9,"column":56},"end":{"line":9,"column":77}}},"2":{"name":"(anonymous_2)","decl":{"start":{"line":16,"column":15},"end":{"line":16,"column":18}},"loc":{"start":{"line":16,"column":20},"end":{"line":27,"column":7}}},"3":{"name":"(anonymous_3)","decl":{"start":{"line":28,"column":17},"end":{"line":28,"column":20}},"loc":{"start":{"line":28,"column":23},"end":{"line":28,"column":50}}}},"branchMap":{"0":{"loc":{"start":{"line":17,"column":8},"end":{"line":22,"column":null}},"type":"if","locations":[{"start":{"line":17,"column":8},"end":{"line":22,"column":null}}]}},"s":{"0":6,"1":6,"2":6,"3":6,"4":281,"5":281,"6":622,"7":281,"8":281,"9":5,"10":0,"11":0,"12":0,"13":5,"14":5,"15":0,"16":6},"f":{"0":281,"1":622,"2":5,"3":0},"b":{"0":[0]}}
,"E:\\LENOVO_LEGION\\JS-learn-2.0\\RS-SCHOOL\\react-2023-q4-two\\src\\components\\MainPage\\MainPage.tsx": {"path":"E:\\LENOVO_LEGION\\JS-learn-2.0\\RS-SCHOOL\\react-2023-q4-two\\src\\components\\MainPage\\MainPage.tsx","statementMap":{"0":{"start":{"line":1,"column":0},"end":{"line":1,"column":25}},"1":{"start":{"line":2,"column":0},"end":{"line":2,"column":34}},"2":{"start":{"line":3,"column":0},"end":{"line":3,"column":64}},"3":{"start":{"line":4,"column":0},"end":{"line":4,"column":67}},"4":{"start":{"line":5,"column":0},"end":{"line":5,"column":52}},"5":{"start":{"line":6,"column":0},"end":{"line":6,"column":67}},"6":{"start":{"line":7,"column":0},"end":{"line":7,"column":64}},"7":{"start":{"line":8,"column":0},"end":{"line":8,"column":49}},"8":{"start":{"line":11,"column":22},"end":{"line":11,"column":39}},"9":{"start":{"line":12,"column":19},"end":{"line":12,"column":32}},"10":{"start":{"line":14,"column":26},"end":{"line":14,"column":73}},"11":{"start":{"line":14,"column":54},"end":{"line":14,"column":72}},"12":{"start":{"line":16,"column":2},"end":{"line":19,"column":41}},"13":{"start":{"line":17,"column":4},"end":{"line":17,"column":50}},"14":{"start":{"line":18,"column":4},"end":{"line":18,"column":48}},"15":{"start":{"line":25,"column":2},"end":{"line":32,"column":4}},"16":{"start":{"line":10,"column":0},"end":{"line":10,"column":24}}},"fnMap":{"0":{"name":"MainPage","decl":{"start":{"line":10,"column":24},"end":{"line":10,"column":32}},"loc":{"start":{"line":10,"column":32},"end":{"line":33,"column":1}}},"1":{"name":"(anonymous_1)","decl":{"start":{"line":14,"column":43},"end":{"line":14,"column":44}},"loc":{"start":{"line":14,"column":54},"end":{"line":14,"column":72}}},"2":{"name":"(anonymous_2)","decl":{"start":{"line":16,"column":12},"end":{"line":16,"column":15}},"loc":{"start":{"line":16,"column":17},"end":{"line":19,"column":3}}}},"branchMap":{},"s":{"0":3,"1":3,"2":3,"3":3,"4":3,"5":3,"6":3,"7":3,"8":17,"9":17,"10":17,"11":34,"12":17,"13":8,"14":8,"15":17,"16":3},"f":{"0":17,"1":34,"2":8},"b":{}}
,"E:\\LENOVO_LEGION\\JS-learn-2.0\\RS-SCHOOL\\react-2023-q4-two\\src\\components\\MyLoader\\MyLoader.tsx": {"path":"E:\\LENOVO_LEGION\\JS-learn-2.0\\RS-SCHOOL\\react-2023-q4-two\\src\\components\\MyLoader\\MyLoader.tsx","statementMap":{"0":{"start":{"line":1,"column":0},"end":{"line":1,"column":25}},"1":{"start":{"line":5,"column":2},"end":{"line":14,"column":4}},"2":{"start":{"line":4,"column":0},"end":{"line":4,"column":24}}},"fnMap":{"0":{"name":"MyLoader","decl":{"start":{"line":4,"column":24},"end":{"line":4,"column":32}},"loc":{"start":{"line":4,"column":71},"end":{"line":15,"column":1}}}},"branchMap":{},"s":{"0":6,"1":34,"2":6},"f":{"0":34},"b":{}}
,"E:\\LENOVO_LEGION\\JS-learn-2.0\\RS-SCHOOL\\react-2023-q4-two\\src\\components\\NotFound\\NotFound.tsx": {"path":"E:\\LENOVO_LEGION\\JS-learn-2.0\\RS-SCHOOL\\react-2023-q4-two\\src\\components\\NotFound\\NotFound.tsx","statementMap":{"0":{"start":{"line":2,"column":0},"end":{"line":2,"column":25}},"1":{"start":{"line":5,"column":2},"end":{"line":9,"column":4}},"2":{"start":{"line":4,"column":0},"end":{"line":4,"column":24}}},"fnMap":{"0":{"name":"NotFound","decl":{"start":{"line":4,"column":24},"end":{"line":4,"column":32}},"loc":{"start":{"line":4,"column":32},"end":{"line":10,"column":1}}}},"branchMap":{},"s":{"0":2,"1":1,"2":2},"f":{"0":1},"b":{}}
,"E:\\LENOVO_LEGION\\JS-learn-2.0\\RS-SCHOOL\\react-2023-q4-two\\src\\components\\Pagination\\Pagination.tsx": {"path":"E:\\LENOVO_LEGION\\JS-learn-2.0\\RS-SCHOOL\\react-2023-q4-two\\src\\components\\Pagination\\Pagination.tsx","statementMap":{"0":{"start":{"line":1,"column":0},"end":{"line":1,"column":51}},"1":{"start":{"line":3,"column":0},"end":{"line":3,"column":null}},"2":{"start":{"line":9,"column":0},"end":{"line":9,"column":57}},"3":{"start":{"line":10,"column":0},"end":{"line":10,"column":55}},"4":{"start":{"line":11,"column":0},"end":{"line":11,"column":58}},"5":{"start":{"line":14,"column":36},"end":{"line":14,"column":53}},"6":{"start":{"line":16,"column":24},"end":{"line":16,"column":73}},"7":{"start":{"line":16,"column":53},"end":{"line":16,"column":72}},"8":{"start":{"line":17,"column":38},"end":{"line":17,"column":85}},"9":{"start":{"line":17,"column":66},"end":{"line":17,"column":84}},"10":{"start":{"line":19,"column":24},"end":{"line":19,"column":42}},"11":{"start":{"line":20,"column":27},"end":{"line":20,"column":48}},"12":{"start":{"line":22,"column":21},"end":{"line":22,"column":46}},"13":{"start":{"line":24,"column":2},"end":{"line":44,"column":4}},"14":{"start":{"line":27,"column":8},"end":{"line":29,"column":null}},"15":{"start":{"line":32,"column":12},"end":{"line":32,"column":40}},"16":{"start":{"line":33,"column":12},"end":{"line":33,"column":36}},"17":{"start":{"line":35,"column":12},"end":{"line":35,"column":52}},"18":{"start":{"line":36,"column":12},"end":{"line":36,"column":48}},"19":{"start":{"line":13,"column":0},"end":{"line":13,"column":24}}},"fnMap":{"0":{"name":"Pagination","decl":{"start":{"line":13,"column":24},"end":{"line":13,"column":34}},"loc":{"start":{"line":13,"column":34},"end":{"line":45,"column":1}}},"1":{"name":"(anonymous_1)","decl":{"start":{"line":16,"column":42},"end":{"line":16,"column":43}},"loc":{"start":{"line":16,"column":53},"end":{"line":16,"column":72}}},"2":{"name":"(anonymous_2)","decl":{"start":{"line":17,"column":55},"end":{"line":17,"column":56}},"loc":{"start":{"line":17,"column":66},"end":{"line":17,"column":84}}},"3":{"name":"(anonymous_3)","decl":{"start":{"line":26,"column":22},"end":{"line":26,"column":23}},"loc":{"start":{"line":27,"column":8},"end":{"line":29,"column":null}}},"4":{"name":"(anonymous_4)","decl":{"start":{"line":31,"column":19},"end":{"line":31,"column":22}},"loc":{"start":{"line":31,"column":24},"end":{"line":37,"column":11}}}},"branchMap":{"0":{"loc":{"start":{"line":24,"column":9},"end":{"line":43,"column":null}},"type":"cond-expr","locations":[{"start":{"line":24,"column":21},"end":{"line":24,"column":25}},{"start":{"line":25,"column":4},"end":{"line":42,"column":null}}]},"1":{"loc":{"start":{"line":30,"column":21},"end":{"line":30,"column":83}},"type":"cond-expr","locations":[{"start":{"line":30,"column":44},"end":{"line":30,"column":66}},{"start":{"line":30,"column":69},"end":{"line":30,"column":83}}]}},"s":{"0":3,"1":3,"2":3,"3":3,"4":3,"5":21,"6":21,"7":38,"8":21,"9":38,"10":21,"11":21,"12":21,"13":21,"14":54,"15":1,"16":1,"17":1,"18":1,"19":3},"f":{"0":21,"1":38,"2":38,"3":54,"4":1},"b":{"0":[12,9],"1":[6,48]}}
,"E:\\LENOVO_LEGION\\JS-learn-2.0\\RS-SCHOOL\\react-2023-q4-two\\src\\components\\Search\\Search.tsx": {"path":"E:\\LENOVO_LEGION\\JS-learn-2.0\\RS-SCHOOL\\react-2023-q4-two\\src\\components\\Search\\Search.tsx","statementMap":{"0":{"start":{"line":1,"column":0},"end":{"line":1,"column":40}},"1":{"start":{"line":2,"column":0},"end":{"line":2,"column":23}},"2":{"start":{"line":3,"column":0},"end":{"line":3,"column":51}},"3":{"start":{"line":4,"column":0},"end":{"line":4,"column":60}},"4":{"start":{"line":5,"column":0},"end":{"line":5,"column":null}},"5":{"start":{"line":11,"column":0},"end":{"line":11,"column":54}},"6":{"start":{"line":12,"column":0},"end":{"line":12,"column":58}},"7":{"start":{"line":13,"column":0},"end":{"line":13,"column":55}},"8":{"start":{"line":16,"column":21},"end":{"line":16,"column":70}},"9":{"start":{"line":16,"column":50},"end":{"line":16,"column":69}},"10":{"start":{"line":17,"column":38},"end":{"line":17,"column":62}},"11":{"start":{"line":19,"column":36},"end":{"line":19,"column":53}},"12":{"start":{"line":20,"column":25},"end":{"line":20,"column":44}},"13":{"start":{"line":21,"column":27},"end":{"line":21,"column":48}},"14":{"start":{"line":22,"column":24},"end":{"line":22,"column":42}},"15":{"start":{"line":24,"column":24},"end":{"line":26,"column":3}},"16":{"start":{"line":25,"column":4},"end":{"line":25,"column":38}},"17":{"start":{"line":28,"column":28},"end":{"line":37,"column":3}},"18":{"start":{"line":29,"column":4},"end":{"line":29,"column":27}},"19":{"start":{"line":30,"column":4},"end":{"line":30,"column":32}},"20":{"start":{"line":31,"column":4},"end":{"line":31,"column":28}},"21":{"start":{"line":32,"column":4},"end":{"line":32,"column":44}},"22":{"start":{"line":33,"column":4},"end":{"line":33,"column":37}},"23":{"start":{"line":35,"column":4},"end":{"line":35,"column":45}},"24":{"start":{"line":36,"column":4},"end":{"line":36,"column":52}},"25":{"start":{"line":39,"column":2},"end":{"line":51,"column":4}},"26":{"start":{"line":15,"column":0},"end":{"line":15,"column":24}}},"fnMap":{"0":{"name":"Search","decl":{"start":{"line":15,"column":24},"end":{"line":15,"column":30}},"loc":{"start":{"line":15,"column":30},"end":{"line":52,"column":1}}},"1":{"name":"(anonymous_1)","decl":{"start":{"line":16,"column":39},"end":{"line":16,"column":40}},"loc":{"start":{"line":16,"column":50},"end":{"line":16,"column":69}}},"2":{"name":"(anonymous_2)","decl":{"start":{"line":24,"column":24},"end":{"line":24,"column":25}},"loc":{"start":{"line":24,"column":77},"end":{"line":26,"column":3}}},"3":{"name":"(anonymous_3)","decl":{"start":{"line":28,"column":28},"end":{"line":28,"column":33}},"loc":{"start":{"line":28,"column":78},"end":{"line":37,"column":3}}}},"branchMap":{},"s":{"0":3,"1":3,"2":3,"3":3,"4":3,"5":3,"6":3,"7":3,"8":22,"9":41,"10":22,"11":22,"12":22,"13":22,"14":22,"15":22,"16":1,"17":22,"18":1,"19":1,"20":1,"21":1,"22":1,"23":1,"24":1,"25":22,"26":3},"f":{"0":22,"1":41,"2":1,"3":1},"b":{}}
,"E:\\LENOVO_LEGION\\JS-learn-2.0\\RS-SCHOOL\\react-2023-q4-two\\src\\components\\Search\\SearchIcon.tsx": {"path":"E:\\LENOVO_LEGION\\JS-learn-2.0\\RS-SCHOOL\\react-2023-q4-two\\src\\components\\Search\\SearchIcon.tsx","statementMap":{"0":{"start":{"line":2,"column":2},"end":{"line":11,"column":4}},"1":{"start":{"line":1,"column":0},"end":{"line":1,"column":24}}},"fnMap":{"0":{"name":"SearchIcon","decl":{"start":{"line":1,"column":24},"end":{"line":1,"column":34}},"loc":{"start":{"line":1,"column":34},"end":{"line":12,"column":1}}}},"branchMap":{},"s":{"0":22,"1":3},"f":{"0":22},"b":{}}
,"E:\\LENOVO_LEGION\\JS-learn-2.0\\RS-SCHOOL\\react-2023-q4-two\\src\\components\\SearchItems\\NoDataComponent.tsx": {"path":"E:\\LENOVO_LEGION\\JS-learn-2.0\\RS-SCHOOL\\react-2023-q4-two\\src\\components\\SearchItems\\NoDataComponent.tsx","statementMap":{"0":{"start":{"line":1,"column":0},"end":{"line":1,"column":32}},"1":{"start":{"line":4,"column":2},"end":{"line":8,"column":4}},"2":{"start":{"line":3,"column":0},"end":{"line":3,"column":24}}},"fnMap":{"0":{"name":"NoDataComponent","decl":{"start":{"line":3,"column":24},"end":{"line":3,"column":39}},"loc":{"start":{"line":3,"column":39},"end":{"line":9,"column":1}}}},"branchMap":{},"s":{"0":6,"1":1,"2":6},"f":{"0":1},"b":{}}
,"E:\\LENOVO_LEGION\\JS-learn-2.0\\RS-SCHOOL\\react-2023-q4-two\\src\\components\\SearchItems\\SearchItems.tsx": {"path":"E:\\LENOVO_LEGION\\JS-learn-2.0\\RS-SCHOOL\\react-2023-q4-two\\src\\components\\SearchItems\\SearchItems.tsx","statementMap":{"0":{"start":{"line":5,"column":0},"end":{"line":5,"column":33}},"1":{"start":{"line":6,"column":0},"end":{"line":6,"column":58}},"2":{"start":{"line":7,"column":0},"end":{"line":7,"column":75}},"3":{"start":{"line":8,"column":0},"end":{"line":8,"column":46}},"4":{"start":{"line":9,"column":0},"end":{"line":9,"column":73}},"5":{"start":{"line":10,"column":0},"end":{"line":10,"column":89}},"6":{"start":{"line":11,"column":0},"end":{"line":11,"column":56}},"7":{"start":{"line":14,"column":21},"end":{"line":14,"column":70}},"8":{"start":{"line":14,"column":50},"end":{"line":14,"column":69}},"9":{"start":{"line":15,"column":26},"end":{"line":15,"column":73}},"10":{"start":{"line":15,"column":54},"end":{"line":15,"column":72}},"11":{"start":{"line":16,"column":25},"end":{"line":16,"column":78}},"12":{"start":{"line":16,"column":56},"end":{"line":16,"column":77}},"13":{"start":{"line":18,"column":27},"end":{"line":21,"column":4}},"14":{"start":{"line":25,"column":50},"end":{"line":25,"column":69}},"15":{"start":{"line":26,"column":24},"end":{"line":26,"column":73}},"16":{"start":{"line":26,"column":53},"end":{"line":26,"column":72}},"17":{"start":{"line":28,"column":2},"end":{"line":50,"column":4}},"18":{"start":{"line":38,"column":12},"end":{"line":40,"column":null}},"19":{"start":{"line":13,"column":0},"end":{"line":13,"column":24}}},"fnMap":{"0":{"name":"SearchItems","decl":{"start":{"line":13,"column":24},"end":{"line":13,"column":35}},"loc":{"start":{"line":13,"column":35},"end":{"line":51,"column":1}}},"1":{"name":"(anonymous_1)","decl":{"start":{"line":14,"column":39},"end":{"line":14,"column":40}},"loc":{"start":{"line":14,"column":50},"end":{"line":14,"column":69}}},"2":{"name":"(anonymous_2)","decl":{"start":{"line":15,"column":43},"end":{"line":15,"column":44}},"loc":{"start":{"line":15,"column":54},"end":{"line":15,"column":72}}},"3":{"name":"(anonymous_3)","decl":{"start":{"line":16,"column":45},"end":{"line":16,"column":46}},"loc":{"start":{"line":16,"column":56},"end":{"line":16,"column":77}}},"4":{"name":"(anonymous_4)","decl":{"start":{"line":26,"column":42},"end":{"line":26,"column":43}},"loc":{"start":{"line":26,"column":53},"end":{"line":26,"column":72}}},"5":{"name":"(anonymous_5)","decl":{"start":{"line":37,"column":30},"end":{"line":37,"column":31}},"loc":{"start":{"line":38,"column":12},"end":{"line":40,"column":null}}}},"branchMap":{"0":{"loc":{"start":{"line":29,"column":20},"end":{"line":29,"column":92}},"type":"cond-expr","locations":[{"start":{"line":29,"column":33},"end":{"line":29,"column":65}},{"start":{"line":29,"column":68},"end":{"line":29,"column":92}}]},"1":{"loc":{"start":{"line":32,"column":9},"end":{"line":44,"column":null}},"type":"cond-expr","locations":[{"start":{"line":33,"column":10},"end":{"line":33,"column":58}},{"start":{"line":34,"column":12},"end":{"line":44,"column":null}}]},"2":{"loc":{"start":{"line":34,"column":12},"end":{"line":44,"column":null}},"type":"cond-expr","locations":[{"start":{"line":35,"column":10},"end":{"line":35,"column":29}},{"start":{"line":37,"column":10},"end":{"line":44,"column":12}}]},"3":{"loc":{"start":{"line":48,"column":7},"end":{"line":48,"column":71}},"type":"binary-expr","locations":[{"start":{"line":48,"column":7},"end":{"line":48,"column":17}},{"start":{"line":48,"column":21},"end":{"line":48,"column":71}}]}},"s":{"0":6,"1":6,"2":6,"3":6,"4":6,"5":6,"6":6,"7":59,"8":139,"9":58,"10":139,"11":58,"12":139,"13":58,"14":58,"15":58,"16":130,"17":58,"18":280,"19":6},"f":{"0":59,"1":139,"2":139,"3":139,"4":130,"5":280},"b":{"0":[15,43],"1":[19,39],"2":[1,38],"3":[58,15]}}
,"E:\\LENOVO_LEGION\\JS-learn-2.0\\RS-SCHOOL\\react-2023-q4-two\\src\\hooks\\redux.ts": {"path":"E:\\LENOVO_LEGION\\JS-learn-2.0\\RS-SCHOOL\\react-2023-q4-two\\src\\hooks\\redux.ts","statementMap":{"0":{"start":{"line":1,"column":0},"end":{"line":1,"column":77}},"1":{"start":{"line":4,"column":33},"end":{"line":4,"column":72}},"2":{"start":{"line":4,"column":39},"end":{"line":4,"column":72}},"3":{"start":{"line":4,"column":13},"end":{"line":4,"column":33}},"4":{"start":{"line":5,"column":13},"end":{"line":5,"column":82}},"5":{"start":{"line":7,"column":32},"end":{"line":7,"column":71}},"6":{"start":{"line":7,"column":38},"end":{"line":7,"column":71}},"7":{"start":{"line":7,"column":13},"end":{"line":7,"column":32}},"8":{"start":{"line":8,"column":13},"end":{"line":8,"column":81}},"9":{"start":{"line":10,"column":35},"end":{"line":10,"column":74}},"10":{"start":{"line":10,"column":41},"end":{"line":10,"column":74}},"11":{"start":{"line":10,"column":13},"end":{"line":10,"column":35}},"12":{"start":{"line":11,"column":13},"end":{"line":11,"column":84}}},"fnMap":{"0":{"name":"(anonymous_0)","decl":{"start":{"line":4,"column":33},"end":{"line":4,"column":36}},"loc":{"start":{"line":4,"column":39},"end":{"line":4,"column":72}}},"1":{"name":"(anonymous_1)","decl":{"start":{"line":7,"column":32},"end":{"line":7,"column":35}},"loc":{"start":{"line":7,"column":38},"end":{"line":7,"column":71}}},"2":{"name":"(anonymous_2)","decl":{"start":{"line":10,"column":35},"end":{"line":10,"column":38}},"loc":{"start":{"line":10,"column":41},"end":{"line":10,"column":74}}}},"branchMap":{},"s":{"0":6,"1":6,"2":15,"3":6,"4":6,"5":6,"6":43,"7":6,"8":6,"9":6,"10":344,"11":6,"12":6},"f":{"0":15,"1":43,"2":344},"b":{}}
,"E:\\LENOVO_LEGION\\JS-learn-2.0\\RS-SCHOOL\\react-2023-q4-two\\src\\mocks\\apiResponse.ts": {"path":"E:\\LENOVO_LEGION\\JS-learn-2.0\\RS-SCHOOL\\react-2023-q4-two\\src\\mocks\\apiResponse.ts","statementMap":{"0":{"start":{"line":1,"column":13},"end":{"line":232,"column":2}},"1":{"start":{"line":234,"column":13},"end":{"line":256,"column":2}},"2":{"start":{"line":258,"column":13},"end":{"line":494,"column":2}}},"fnMap":{},"branchMap":{},"s":{"0":6,"1":6,"2":6},"f":{},"b":{}}
,"E:\\LENOVO_LEGION\\JS-learn-2.0\\RS-SCHOOL\\react-2023-q4-two\\src\\services\\HeroesService.ts": {"path":"E:\\LENOVO_LEGION\\JS-learn-2.0\\RS-SCHOOL\\react-2023-q4-two\\src\\services\\HeroesService.ts","statementMap":{"0":{"start":{"line":1,"column":0},"end":{"line":1,"column":78}},"1":{"start":{"line":5,"column":13},"end":{"line":24,"column":3}},"2":{"start":{"line":8,"column":25},"end":{"line":23,"column":4}},"3":{"start":{"line":10,"column":50},"end":{"line":16,"column":8}},"4":{"start":{"line":19,"column":35},"end":{"line":21,"column":8}}},"fnMap":{"0":{"name":"(anonymous_0)","decl":{"start":{"line":8,"column":13},"end":{"line":8,"column":14}},"loc":{"start":{"line":8,"column":25},"end":{"line":23,"column":4}}},"1":{"name":"(anonymous_1)","decl":{"start":{"line":10,"column":13},"end":{"line":10,"column":14}},"loc":{"start":{"line":10,"column":50},"end":{"line":16,"column":8}}},"2":{"name":"(anonymous_2)","decl":{"start":{"line":19,"column":13},"end":{"line":19,"column":14}},"loc":{"start":{"line":19,"column":35},"end":{"line":21,"column":8}}}},"branchMap":{"0":{"loc":{"start":{"line":10,"column":16},"end":{"line":10,"column":32}},"type":"default-arg","locations":[{"start":{"line":10,"column":30},"end":{"line":10,"column":32}}]},"1":{"loc":{"start":{"line":10,"column":34},"end":{"line":10,"column":42}},"type":"default-arg","locations":[{"start":{"line":10,"column":41},"end":{"line":10,"column":42}}]}},"s":{"0":6,"1":6,"2":6,"3":11,"4":5},"f":{"0":6,"1":11,"2":5},"b":{"0":[0],"1":[0]}}
,"E:\\LENOVO_LEGION\\JS-learn-2.0\\RS-SCHOOL\\react-2023-q4-two\\src\\shared\\utils\\getHeroNumber.ts": {"path":"E:\\LENOVO_LEGION\\JS-learn-2.0\\RS-SCHOOL\\react-2023-q4-two\\src\\shared\\utils\\getHeroNumber.ts","statementMap":{"0":{"start":{"line":4,"column":2},"end":{"line":4,"column":81}},"1":{"start":{"line":3,"column":0},"end":{"line":3,"column":24}}},"fnMap":{"0":{"name":"getHeroNumber","decl":{"start":{"line":3,"column":24},"end":{"line":3,"column":37}},"loc":{"start":{"line":3,"column":65},"end":{"line":5,"column":1}}}},"branchMap":{},"s":{"0":281,"1":6},"f":{"0":281},"b":{}}
,"E:\\LENOVO_LEGION\\JS-learn-2.0\\RS-SCHOOL\\react-2023-q4-two\\src\\shared\\utils\\getPagesArray.ts": {"path":"E:\\LENOVO_LEGION\\JS-learn-2.0\\RS-SCHOOL\\react-2023-q4-two\\src\\shared\\utils\\getPagesArray.ts","statementMap":{"0":{"start":{"line":2,"column":27},"end":{"line":2,"column":29}},"1":{"start":{"line":4,"column":2},"end":{"line":6,"column":null}},"2":{"start":{"line":4,"column":15},"end":{"line":4,"column":16}},"3":{"start":{"line":5,"column":4},"end":{"line":5,"column":19}},"4":{"start":{"line":8,"column":2},"end":{"line":8,"column":16}},"5":{"start":{"line":1,"column":0},"end":{"line":1,"column":24}}},"fnMap":{"0":{"name":"getPagesArray","decl":{"start":{"line":1,"column":24},"end":{"line":1,"column":37}},"loc":{"start":{"line":1,"column":56},"end":{"line":9,"column":1}}}},"branchMap":{},"s":{"0":21,"1":21,"2":21,"3":81,"4":21,"5":3},"f":{"0":21},"b":{}}
,"E:\\LENOVO_LEGION\\JS-learn-2.0\\RS-SCHOOL\\react-2023-q4-two\\src\\shared\\utils\\getTotalPages.ts": {"path":"E:\\LENOVO_LEGION\\JS-learn-2.0\\RS-SCHOOL\\react-2023-q4-two\\src\\shared\\utils\\getTotalPages.ts","statementMap":{"0":{"start":{"line":2,"column":2},"end":{"line":2,"column":39}},"1":{"start":{"line":1,"column":0},"end":{"line":1,"column":24}}},"fnMap":{"0":{"name":"getTotalPages","decl":{"start":{"line":1,"column":24},"end":{"line":1,"column":37}},"loc":{"start":{"line":1,"column":59},"end":{"line":3,"column":1}}}},"branchMap":{},"s":{"0":11,"1":6},"f":{"0":11},"b":{}}
,"E:\\LENOVO_LEGION\\JS-learn-2.0\\RS-SCHOOL\\react-2023-q4-two\\src\\store\\PagesSlice.ts": {"path":"E:\\LENOVO_LEGION\\JS-learn-2.0\\RS-SCHOOL\\react-2023-q4-two\\src\\store\\PagesSlice.ts","statementMap":{"0":{"start":{"line":1,"column":0},"end":{"line":1,"column":62}},"1":{"start":{"line":2,"column":0},"end":{"line":2,"column":53}},"2":{"start":{"line":3,"column":0},"end":{"line":3,"column":57}},"3":{"start":{"line":10,"column":29},"end":{"line":13,"column":2}},"4":{"start":{"line":15,"column":19},"end":{"line":31,"column":2}},"5":{"start":{"line":20,"column":6},"end":{"line":20,"column":40}},"6":{"start":{"line":23,"column":6},"end":{"line":23,"column":41}},"7":{"start":{"line":27,"column":4},"end":{"line":29,"column":7}},"8":{"start":{"line":28,"column":6},"end":{"line":28,"column":61}},"9":{"start":{"line":33,"column":13},"end":{"line":33,"column":52}},"10":{"start":{"line":35,"column":0},"end":{"line":35,"column":34}}},"fnMap":{"0":{"name":"(anonymous_0)","decl":{"start":{"line":19,"column":4},"end":{"line":19,"column":20}},"loc":{"start":{"line":19,"column":57},"end":{"line":21,"column":5}}},"1":{"name":"(anonymous_1)","decl":{"start":{"line":22,"column":4},"end":{"line":22,"column":18}},"loc":{"start":{"line":22,"column":55},"end":{"line":24,"column":5}}},"2":{"name":"(anonymous_2)","decl":{"start":{"line":26,"column":17},"end":{"line":26,"column":18}},"loc":{"start":{"line":26,"column":29},"end":{"line":30,"column":3}}},"3":{"name":"(anonymous_3)","decl":{"start":{"line":27,"column":75},"end":{"line":27,"column":76}},"loc":{"start":{"line":27,"column":93},"end":{"line":29,"column":5}}}},"branchMap":{},"s":{"0":6,"1":6,"2":6,"3":6,"4":6,"5":0,"6":2,"7":6,"8":11,"9":6,"10":6},"f":{"0":0,"1":2,"2":6,"3":11},"b":{}}
,"E:\\LENOVO_LEGION\\JS-learn-2.0\\RS-SCHOOL\\react-2023-q4-two\\src\\store\\SearchSlice.ts": {"path":"E:\\LENOVO_LEGION\\JS-learn-2.0\\RS-SCHOOL\\react-2023-q4-two\\src\\store\\SearchSlice.ts","statementMap":{"0":{"start":{"line":1,"column":0},"end":{"line":1,"column":62}},"1":{"start":{"line":2,"column":0},"end":{"line":2,"column":56}},"2":{"start":{"line":10,"column":30},"end":{"line":15,"column":2}},"3":{"start":{"line":17,"column":20},"end":{"line":42,"column":2}},"4":{"start":{"line":22,"column":6},"end":{"line":22,"column":36}},"5":{"start":{"line":25,"column":6},"end":{"line":25,"column":29}},"6":{"start":{"line":28,"column":6},"end":{"line":28,"column":30}},"7":{"start":{"line":31,"column":6},"end":{"line":31,"column":40}},"8":{"start":{"line":35,"column":4},"end":{"line":37,"column":7}},"9":{"start":{"line":36,"column":6},"end":{"line":36,"column":29}},"10":{"start":{"line":38,"column":4},"end":{"line":40,"column":7}},"11":{"start":{"line":39,"column":6},"end":{"line":39,"column":30}},"12":{"start":{"line":44,"column":13},"end":{"line":44,"column":50}},"13":{"start":{"line":45,"column":13},"end":{"line":45,"column":50}},"14":{"start":{"line":47,"column":0},"end":{"line":47,"column":35}}},"fnMap":{"0":{"name":"(anonymous_0)","decl":{"start":{"line":21,"column":4},"end":{"line":21,"column":16}},"loc":{"start":{"line":21,"column":53},"end":{"line":23,"column":5}}},"1":{"name":"(anonymous_1)","decl":{"start":{"line":24,"column":4},"end":{"line":24,"column":20}},"loc":{"start":{"line":24,"column":26},"end":{"line":26,"column":5}}},"2":{"name":"(anonymous_2)","decl":{"start":{"line":27,"column":4},"end":{"line":27,"column":19}},"loc":{"start":{"line":27,"column":25},"end":{"line":29,"column":5}}},"3":{"name":"(anonymous_3)","decl":{"start":{"line":30,"column":4},"end":{"line":30,"column":17}},"loc":{"start":{"line":30,"column":31},"end":{"line":32,"column":5}}},"4":{"name":"(anonymous_4)","decl":{"start":{"line":34,"column":17},"end":{"line":34,"column":18}},"loc":{"start":{"line":34,"column":29},"end":{"line":41,"column":3}}},"5":{"name":"(anonymous_5)","decl":{"start":{"line":35,"column":73},"end":{"line":35,"column":74}},"loc":{"start":{"line":35,"column":83},"end":{"line":37,"column":5}}},"6":{"name":"(anonymous_6)","decl":{"start":{"line":38,"column":75},"end":{"line":38,"column":76}},"loc":{"start":{"line":38,"column":85},"end":{"line":40,"column":5}}}},"branchMap":{},"s":{"0":6,"1":6,"2":6,"3":6,"4":0,"5":0,"6":0,"7":0,"8":6,"9":11,"10":6,"11":11,"12":6,"13":6,"14":6},"f":{"0":0,"1":0,"2":0,"3":0,"4":6,"5":11,"6":11},"b":{}}
,"E:\\LENOVO_LEGION\\JS-learn-2.0\\RS-SCHOOL\\react-2023-q4-two\\src\\store\\ViewModeSlice.ts": {"path":"E:\\LENOVO_LEGION\\JS-learn-2.0\\RS-SCHOOL\\react-2023-q4-two\\src\\store\\ViewModeSlice.ts","statementMap":{"0":{"start":{"line":1,"column":0},"end":{"line":1,"column":62}},"1":{"start":{"line":2,"column":0},"end":{"line":2,"column":53}},"2":{"start":{"line":9,"column":32},"end":{"line":12,"column":2}},"3":{"start":{"line":14,"column":22},"end":{"line":33,"column":2}},"4":{"start":{"line":19,"column":6},"end":{"line":19,"column":40}},"5":{"start":{"line":22,"column":6},"end":{"line":22,"column":47}},"6":{"start":{"line":26,"column":4},"end":{"line":28,"column":7}},"7":{"start":{"line":27,"column":6},"end":{"line":27,"column":37}},"8":{"start":{"line":29,"column":4},"end":{"line":31,"column":7}},"9":{"start":{"line":30,"column":6},"end":{"line":30,"column":38}},"10":{"start":{"line":35,"column":15},"end":{"line":35,"column":56}},"11":{"start":{"line":37,"column":0},"end":{"line":37,"column":37}}},"fnMap":{"0":{"name":"(anonymous_0)","decl":{"start":{"line":18,"column":4},"end":{"line":18,"column":18}},"loc":{"start":{"line":18,"column":56},"end":{"line":20,"column":5}}},"1":{"name":"(anonymous_1)","decl":{"start":{"line":21,"column":4},"end":{"line":21,"column":25}},"loc":{"start":{"line":21,"column":63},"end":{"line":23,"column":5}}},"2":{"name":"(anonymous_2)","decl":{"start":{"line":25,"column":17},"end":{"line":25,"column":18}},"loc":{"start":{"line":25,"column":29},"end":{"line":32,"column":3}}},"3":{"name":"(anonymous_3)","decl":{"start":{"line":26,"column":74},"end":{"line":26,"column":75}},"loc":{"start":{"line":26,"column":84},"end":{"line":28,"column":5}}},"4":{"name":"(anonymous_4)","decl":{"start":{"line":29,"column":76},"end":{"line":29,"column":77}},"loc":{"start":{"line":29,"column":86},"end":{"line":31,"column":5}}}},"branchMap":{},"s":{"0":6,"1":6,"2":6,"3":6,"4":8,"5":0,"6":6,"7":5,"8":6,"9":5,"10":6,"11":6},"f":{"0":8,"1":0,"2":6,"3":5,"4":5},"b":{}}
,"E:\\LENOVO_LEGION\\JS-learn-2.0\\RS-SCHOOL\\react-2023-q4-two\\src\\store\\store.ts": {"path":"E:\\LENOVO_LEGION\\JS-learn-2.0\\RS-SCHOOL\\react-2023-q4-two\\src\\store\\store.ts","statementMap":{"0":{"start":{"line":1,"column":0},"end":{"line":1,"column":83}},"1":{"start":{"line":2,"column":0},"end":{"line":2,"column":51}},"2":{"start":{"line":3,"column":0},"end":{"line":3,"column":49}},"3":{"start":{"line":4,"column":0},"end":{"line":4,"column":52}},"4":{"start":{"line":5,"column":0},"end":{"line":5,"column":56}},"5":{"start":{"line":7,"column":20},"end":{"line":12,"column":2}},"6":{"start":{"line":14,"column":26},"end":{"line":20,"column":1}},"7":{"start":{"line":15,"column":2},"end":{"line":19,"column":5}},"8":{"start":{"line":18,"column":42},"end":{"line":18,"column":93}},"9":{"start":{"line":14,"column":13},"end":{"line":14,"column":26}}},"fnMap":{"0":{"name":"(anonymous_0)","decl":{"start":{"line":14,"column":26},"end":{"line":14,"column":27}},"loc":{"start":{"line":14,"column":77},"end":{"line":20,"column":1}}},"1":{"name":"(anonymous_1)","decl":{"start":{"line":18,"column":16},"end":{"line":18,"column":17}},"loc":{"start":{"line":18,"column":42},"end":{"line":18,"column":93}}}},"branchMap":{},"s":{"0":6,"1":6,"2":6,"3":6,"4":6,"5":6,"6":6,"7":12,"8":12,"9":6},"f":{"0":12,"1":12},"b":{}}
}
