TN:
SF:src\Hooks\redux.ts
FN:4,(anonymous_0)
FN:7,(anonymous_1)
FN:10,(anonymous_2)
FNF:3
FNH:3
FNDA:15,(anonymous_0)
FNDA:56,(anonymous_1)
FNDA:337,(anonymous_2)
DA:1,5
DA:4,15
DA:5,5
DA:7,56
DA:8,5
DA:10,337
DA:11,5
LF:7
LH:7
BRF:0
BRH:0
end_of_record
TN:
SF:src\components\AppRoutes.tsx
FN:7,AppRoutes
FNF:1
FNH:1
FNDA:1,AppRoutes
DA:1,1
DA:2,1
DA:3,1
DA:4,1
DA:5,1
DA:8,1
DA:22,1
LF:7
LH:7
BRF:0
BRH:0
end_of_record
TN:
SF:src\components\rtl-utils.tsx
FN:14,renderWithProviders
FN:22,Wrapper
FNF:2
FNH:2
FNDA:9,renderWithProviders
FNDA:9,Wrapper
DA:2,5
DA:4,5
DA:7,5
DA:14,5
DA:23,9
DA:25,9
DA:28,5
DA:29,5
LF:8
LH:8
BRDA:16,0,0,9
BRDA:17,1,0,9
BRDA:18,2,0,9
BRF:3
BRH:3
end_of_record
TN:
SF:src\components\AppLayout\AppLayout.tsx
FN:4,AppLayout
FNF:1
FNH:1
FNDA:2,AppLayout
DA:1,2
DA:2,2
DA:4,2
DA:5,2
LF:4
LH:4
BRF:0
BRH:0
end_of_record
TN:
SF:src\components\Details\DetailsComponent.tsx
FN:10,DetailsComponent
FN:14,(anonymous_1)
FN:20,(anonymous_2)
FN:24,(anonymous_3)
FN:39,(anonymous_4)
FNF:5
FNH:5
FNDA:20,DetailsComponent
FNDA:41,(anonymous_1)
FNDA:5,(anonymous_2)
FNDA:5,(anonymous_3)
FNDA:1,(anonymous_4)
DA:1,5
DA:2,5
DA:3,5
DA:5,5
DA:6,5
DA:7,5
DA:8,5
DA:10,5
DA:11,20
DA:12,20
DA:14,41
DA:16,20
DA:18,20
DA:20,20
DA:21,5
DA:22,5
DA:24,5
DA:25,5
DA:26,5
DA:30,20
DA:40,1
LF:21
LH:21
BRDA:32,0,0,15
BRDA:32,0,1,5
BRDA:32,1,0,20
BRDA:32,1,1,10
BRF:4
BRH:4
end_of_record
TN:
SF:src\components\ErrorButton\ErrorButton.tsx
FN:6,(anonymous_0)
FN:13,(anonymous_1)
FN:17,(anonymous_2)
FNF:3
FNH:2
FNDA:2,(anonymous_0)
FNDA:0,(anonymous_1)
FNDA:11,(anonymous_2)
DA:1,2
DA:2,2
DA:7,2
DA:8,2
DA:13,2
DA:14,0
DA:18,11
DA:20,11
DA:21,0
DA:24,11
DA:32,2
LF:11
LH:9
BRDA:20,0,0,0
BRF:1
BRH:0
end_of_record
TN:
SF:src\components\Hero\Hero.tsx
FN:7,Hero
FN:9,(anonymous_1)
FN:16,(anonymous_2)
FN:28,(anonymous_3)
FNF:4
FNH:3
FNDA:261,Hero
FNDA:592,(anonymous_1)
FNDA:5,(anonymous_2)
FNDA:0,(anonymous_3)
DA:1,5
DA:3,5
DA:4,5
DA:5,5
DA:7,5
DA:8,261
DA:9,592
DA:10,261
DA:12,261
DA:17,5
DA:18,0
DA:19,0
DA:21,0
DA:24,5
DA:26,5
DA:28,0
LF:16
LH:12
BRDA:17,0,0,0
BRF:1
BRH:0
end_of_record
TN:
SF:src\components\MainPage\MainPage.tsx
FN:9,MainPage
FN:13,(anonymous_1)
FN:15,(anonymous_2)
FNF:3
FNH:3
FNDA:12,MainPage
FNDA:25,(anonymous_1)
FNDA:6,(anonymous_2)
DA:1,2
DA:2,2
DA:3,2
DA:4,2
DA:5,2
DA:6,2
DA:7,2
DA:9,2
DA:10,12
DA:11,12
DA:13,25
DA:15,12
DA:16,6
DA:17,6
DA:20,12
LF:15
LH:15
BRF:0
BRH:0
end_of_record
TN:
SF:src\components\MyLoader\MyLoader.tsx
FN:4,MyLoader
FNF:1
FNH:1
FNDA:31,MyLoader
DA:1,5
DA:4,5
DA:5,31
LF:3
LH:3
BRF:0
BRH:0
end_of_record
TN:
SF:src\components\NotFound\NotFound.tsx
FN:3,NotFound
FNF:1
FNH:1
FNDA:1,NotFound
DA:1,2
DA:3,2
DA:4,1
LF:3
LH:3
BRF:0
BRH:0
end_of_record
TN:
SF:src\components\Pagination\Pagination.tsx
FN:12,Pagination
FN:15,(anonymous_1)
FN:16,(anonymous_2)
FN:23,(anonymous_3)
FN:28,(anonymous_4)
FNF:5
FNH:5
FNDA:41,Pagination
FNDA:101,(anonymous_1)
FNDA:101,(anonymous_2)
FNDA:288,(anonymous_3)
FNDA:1,(anonymous_4)
DA:1,5
DA:3,5
DA:4,5
DA:5,5
DA:12,5
DA:13,41
DA:15,101
DA:16,101
DA:18,41
DA:19,41
DA:21,41
DA:24,288
DA:29,1
DA:30,1
DA:31,1
DA:32,1
LF:16
LH:16
BRDA:21,0,0,0
BRDA:21,0,1,41
BRDA:27,1,0,32
BRDA:27,1,1,256
BRF:4
BRH:3
end_of_record
TN:
SF:src\components\Search\Search.tsx
FN:16,Search
FN:17,(anonymous_1)
FN:25,(anonymous_2)
FN:29,(anonymous_3)
FNF:4
FNH:2
FNDA:15,Search
FNDA:29,(anonymous_1)
FNDA:0,(anonymous_2)
FNDA:0,(anonymous_3)
DA:1,2
DA:2,2
DA:3,2
DA:4,2
DA:6,2
DA:7,2
DA:8,2
DA:9,2
DA:16,2
DA:17,29
DA:18,15
DA:20,15
DA:21,15
DA:22,15
DA:23,15
DA:25,15
DA:26,0
DA:29,15
DA:30,0
DA:31,0
DA:32,0
DA:33,0
DA:34,0
DA:36,0
DA:37,0
DA:40,15
LF:26
LH:18
BRF:0
BRH:0
end_of_record
TN:
SF:src\components\Search\SearchIcon.tsx
FN:1,SearchIcon
FNF:1
FNH:1
FNDA:15,SearchIcon
DA:1,2
DA:2,15
LF:2
LH:2
BRF:0
BRH:0
end_of_record
TN:
SF:src\components\SearchItems\NoDataComponent.tsx
FN:3,NoDataComponent
FNF:1
FNH:1
FNDA:1,NoDataComponent
DA:1,5
DA:3,5
DA:4,1
LF:3
LH:3
BRF:0
BRH:0
end_of_record
TN:
SF:src\components\SearchItems\SearchItems.tsx
FN:12,SearchItems
FN:13,(anonymous_1)
FN:14,(anonymous_2)
FN:15,(anonymous_3)
FN:23,(anonymous_4)
FN:34,(anonymous_5)
FNF:6
FNH:6
FNDA:53,SearchItems
FNDA:128,(anonymous_1)
FNDA:128,(anonymous_2)
FNDA:128,(anonymous_3)
FNDA:120,(anonymous_4)
FNDA:260,(anonymous_5)
DA:1,5
DA:2,5
DA:3,5
DA:4,5
DA:5,5
DA:6,5
DA:7,5
DA:8,5
DA:9,5
DA:10,5
DA:12,5
DA:13,128
DA:14,128
DA:15,128
DA:17,52
DA:22,52
DA:23,120
DA:25,52
DA:35,260
LF:19
LH:19
BRDA:26,0,0,15
BRDA:26,0,1,37
BRDA:28,1,0,16
BRDA:28,1,1,36
BRDA:30,2,0,1
BRDA:30,2,1,35
BRDA:42,3,0,26
BRDA:42,3,1,9
BRDA:47,4,0,52
BRDA:47,4,1,15
BRF:10
BRH:10
end_of_record
TN:
SF:src\components\TestFetch\TestFetch.tsx
FN:10,TestFetch
FN:13,(anonymous_1)
FN:14,go
FN:16,(anonymous_3)
FN:17,(anonymous_4)
FN:20,(anonymous_5)
FNF:6
FNH:0
FNDA:0,TestFetch
FNDA:0,(anonymous_1)
FNDA:0,go
FNDA:0,(anonymous_3)
FNDA:0,(anonymous_4)
FNDA:0,(anonymous_5)
DA:1,1
DA:11,0
DA:13,0
DA:15,0
DA:16,0
DA:17,0
DA:20,0
DA:21,0
DA:25,0
DA:28,1
LF:10
LH:2
BRDA:25,0,0,0
BRDA:25,0,1,0
BRF:2
BRH:0
end_of_record
TN:
SF:src\mocks\apiResponse.ts
FNF:0
FNH:0
DA:1,5
DA:234,5
DA:258,5
LF:3
LH:3
BRF:0
BRH:0
end_of_record
TN:
SF:src\services\HeroesService.ts
FN:8,(anonymous_0)
FN:10,(anonymous_1)
FN:19,(anonymous_2)
FNF:3
FNH:3
FNDA:5,(anonymous_0)
FNDA:10,(anonymous_1)
FNDA:5,(anonymous_2)
DA:1,5
DA:5,5
DA:8,5
DA:10,10
DA:19,5
LF:5
LH:5
BRDA:10,0,0,0
BRDA:10,1,0,0
BRF:2
BRH:0
end_of_record
TN:
SF:src\shared\utils\getHeroNumber.ts
FN:3,getHeroNumber
FNF:1
FNH:1
FNDA:261,getHeroNumber
DA:3,5
DA:4,261
LF:2
LH:2
BRF:0
BRH:0
end_of_record
TN:
SF:src\shared\utils\getPagesArray.ts
FN:1,getPagesArray
FNF:1
FNH:1
FNDA:26,getPagesArray
DA:1,5
DA:2,26
DA:4,26
DA:5,234
DA:8,26
LF:5
LH:5
BRF:0
BRH:0
end_of_record
TN:
SF:src\shared\utils\getTotalPages.ts
FN:1,getTotalPages
FNF:1
FNH:1
FNDA:36,getTotalPages
DA:1,5
DA:2,36
LF:2
LH:2
BRF:0
BRH:0
end_of_record
TN:
SF:src\store\PagesSlice.ts
FN:19,(anonymous_0)
FN:22,(anonymous_1)
FN:26,(anonymous_2)
FN:27,(anonymous_3)
FNF:4
FNH:3
FNDA:0,(anonymous_0)
FNDA:1,(anonymous_1)
FNDA:5,(anonymous_2)
FNDA:10,(anonymous_3)
DA:1,5
DA:2,5
DA:3,5
DA:10,5
DA:15,5
DA:20,0
DA:23,1
DA:27,5
DA:28,10
DA:33,5
DA:35,5
LF:11
LH:10
BRF:0
BRH:0
end_of_record
TN:
SF:src\store\SearchSlice.ts
FN:20,(anonymous_0)
FN:23,(anonymous_1)
FN:26,(anonymous_2)
FN:29,(anonymous_3)
FN:33,(anonymous_4)
FN:34,(anonymous_5)
FN:37,(anonymous_6)
FNF:7
FNH:3
FNDA:0,(anonymous_0)
FNDA:0,(anonymous_1)
FNDA:0,(anonymous_2)
FNDA:0,(anonymous_3)
FNDA:5,(anonymous_4)
FNDA:10,(anonymous_5)
FNDA:10,(anonymous_6)
DA:1,5
DA:2,5
DA:10,5
DA:16,5
DA:21,0
DA:24,0
DA:27,0
DA:30,0
DA:34,5
DA:35,10
DA:37,5
DA:38,10
DA:43,5
DA:44,5
DA:46,5
LF:15
LH:11
BRF:0
BRH:0
end_of_record
TN:
SF:src\store\ViewModeSlice.ts
FN:18,(anonymous_0)
FN:21,(anonymous_1)
FN:25,(anonymous_2)
FN:26,(anonymous_3)
FN:29,(anonymous_4)
FNF:5
FNH:4
FNDA:7,(anonymous_0)
FNDA:0,(anonymous_1)
FNDA:5,(anonymous_2)
FNDA:5,(anonymous_3)
FNDA:5,(anonymous_4)
DA:1,5
DA:2,5
DA:9,5
DA:14,5
DA:19,7
DA:22,0
DA:26,5
DA:27,5
DA:29,5
DA:30,5
DA:35,5
DA:37,5
LF:12
LH:11
BRF:0
BRH:0
end_of_record
TN:
SF:src\store\store.ts
FN:14,(anonymous_0)
FN:18,(anonymous_1)
FNF:2
FNH:2
FNDA:11,(anonymous_0)
FNDA:11,(anonymous_1)
DA:1,5
DA:2,5
DA:3,5
DA:4,5
DA:5,5
DA:7,5
DA:14,5
DA:15,11
DA:18,11
LF:9
LH:9
BRF:0
BRH:0
end_of_record
