TN:
SF:src\components\rtl-utils.tsx
FN:14,renderWithProviders
FN:22,Wrapper
FNF:2
FNH:2
FNDA:4,renderWithProviders
FNDA:4,Wrapper
DA:2,1
DA:4,1
DA:7,1
DA:14,1
DA:23,4
DA:25,4
DA:28,1
DA:29,1
LF:8
LH:8
BRDA:16,0,0,4
BRDA:17,1,0,4
BRDA:18,2,0,4
BRF:3
BRH:3
end_of_record
TN:
SF:src\components\AppLayout\AppLayout.tsx
FN:4,AppLayout
FNF:1
FNH:0
FNDA:0,AppLayout
DA:1,1
DA:2,1
DA:4,1
DA:5,0
LF:4
LH:3
BRF:0
BRH:0
end_of_record
TN:
SF:src\components\Details\DetailsComponent.tsx
FN:10,DetailsComponent
FN:14,(anonymous_1)
FN:20,(anonymous_2)
FN:24,(anonymous_3)
FN:39,(anonymous_4)
FNF:5
FNH:4
FNDA:8,DetailsComponent
FNDA:16,(anonymous_1)
FNDA:2,(anonymous_2)
FNDA:2,(anonymous_3)
FNDA:0,(anonymous_4)
DA:1,1
DA:2,1
DA:3,1
DA:5,1
DA:6,1
DA:7,1
DA:8,1
DA:10,1
DA:11,8
DA:12,8
DA:14,16
DA:16,8
DA:18,8
DA:20,8
DA:21,2
DA:22,2
DA:24,2
DA:25,2
DA:26,2
DA:30,8
DA:40,0
LF:21
LH:20
BRDA:32,0,0,6
BRDA:32,0,1,2
BRDA:32,1,0,8
BRDA:32,1,1,4
BRF:4
BRH:4
end_of_record
TN:
SF:src\components\ErrorButton\ErrorButton.tsx
FN:6,(anonymous_0)
FN:13,(anonymous_1)
FN:17,(anonymous_2)
FNF:3
FNH:2
FNDA:1,(anonymous_0)
FNDA:0,(anonymous_1)
FNDA:3,(anonymous_2)
DA:1,1
DA:2,1
DA:7,1
DA:8,1
DA:13,1
DA:14,0
DA:18,3
DA:20,3
DA:21,0
DA:24,3
DA:32,1
LF:11
LH:9
BRDA:20,0,0,0
BRF:1
BRH:0
end_of_record
TN:
SF:src\components\Hero\Hero.tsx
FN:7,Hero
FN:9,(anonymous_1)
FN:16,(anonymous_2)
FN:28,(anonymous_3)
FNF:4
FNH:3
FNDA:91,Hero
FNDA:202,(anonymous_1)
FNDA:2,(anonymous_2)
FNDA:0,(anonymous_3)
DA:1,1
DA:3,1
DA:4,1
DA:5,1
DA:7,1
DA:8,91
DA:9,202
DA:10,91
DA:12,91
DA:17,2
DA:18,0
DA:19,0
DA:21,0
DA:24,2
DA:26,2
DA:28,0
LF:16
LH:12
BRDA:17,0,0,0
BRF:1
BRH:0
end_of_record
TN:
SF:src\components\MainPage\MainPage.tsx
FN:10,MainPage
FN:14,(anonymous_1)
FN:16,(anonymous_2)
FNF:3
FNH:3
FNDA:3,MainPage
FNDA:7,(anonymous_1)
FNDA:1,(anonymous_2)
DA:1,1
DA:2,1
DA:3,1
DA:4,1
DA:5,1
DA:6,1
DA:7,1
DA:8,1
DA:10,1
DA:11,3
DA:12,3
DA:14,7
DA:16,3
DA:17,1
DA:18,1
DA:21,3
LF:16
LH:16
BRF:0
BRH:0
end_of_record
TN:
SF:src\components\MyLoader\MyLoader.tsx
FN:4,MyLoader
FNF:1
FNH:1
FNDA:10,MyLoader
DA:1,1
DA:4,1
DA:5,10
LF:3
LH:3
BRF:0
BRH:0
end_of_record
TN:
SF:src\components\Pagination\Pagination.tsx
FN:13,Pagination
FN:16,(anonymous_1)
FN:17,(anonymous_2)
FN:26,(anonymous_3)
FN:31,(anonymous_4)
FNF:5
FNH:4
FNDA:4,Pagination
FNDA:8,(anonymous_1)
FNDA:8,(anonymous_2)
FNDA:9,(anonymous_3)
FNDA:0,(anonymous_4)
DA:1,1
DA:3,1
DA:9,1
DA:10,1
DA:11,1
DA:13,1
DA:14,4
DA:16,8
DA:17,8
DA:19,4
DA:20,4
DA:22,4
DA:24,4
DA:27,9
DA:32,0
DA:33,0
DA:35,0
DA:36,0
LF:18
LH:14
BRDA:24,0,0,2
BRDA:24,0,1,2
BRDA:30,1,0,1
BRDA:30,1,1,8
BRF:4
BRH:4
end_of_record
TN:
SF:src\components\Search\Search.tsx
FN:15,Search
FN:16,(anonymous_1)
FN:24,(anonymous_2)
FN:28,(anonymous_3)
FNF:4
FNH:2
FNDA:4,Search
FNDA:9,(anonymous_1)
FNDA:0,(anonymous_2)
FNDA:0,(anonymous_3)
DA:1,1
DA:2,1
DA:3,1
DA:4,1
DA:5,1
DA:11,1
DA:12,1
DA:13,1
DA:15,1
DA:16,9
DA:17,4
DA:19,4
DA:20,4
DA:21,4
DA:22,4
DA:24,4
DA:25,0
DA:28,4
DA:29,0
DA:30,0
DA:31,0
DA:32,0
DA:33,0
DA:35,0
DA:36,0
DA:39,4
LF:26
LH:18
BRF:0
BRH:0
end_of_record
TN:
SF:src\components\Search\SearchIcon.tsx
FN:1,SearchIcon
FNF:1
FNH:1
FNDA:4,SearchIcon
DA:1,1
DA:2,4
LF:2
LH:2
BRF:0
BRH:0
end_of_record
TN:
SF:src\components\SearchItems\NoDataComponent.tsx
FN:3,NoDataComponent
FNF:1
FNH:0
FNDA:0,NoDataComponent
DA:1,1
DA:3,1
DA:4,0
LF:3
LH:2
BRF:0
BRH:0
end_of_record
TN:
SF:src\components\SearchItems\SearchItems.tsx
FN:13,SearchItems
FN:14,(anonymous_1)
FN:15,(anonymous_2)
FN:16,(anonymous_3)
FN:26,(anonymous_4)
FN:37,(anonymous_5)
FNF:6
FNH:6
FNDA:16,SearchItems
FNDA:41,(anonymous_1)
FNDA:41,(anonymous_2)
FNDA:41,(anonymous_3)
FNDA:38,(anonymous_4)
FNDA:90,(anonymous_5)
DA:5,1
DA:6,1
DA:7,1
DA:8,1
DA:9,1
DA:10,1
DA:11,1
DA:13,1
DA:14,41
DA:15,41
DA:16,41
DA:18,16
DA:25,16
DA:26,38
DA:28,16
DA:38,90
LF:16
LH:16
BRDA:29,0,0,6
BRDA:29,0,1,10
BRDA:32,1,0,4
BRDA:32,1,1,12
BRDA:34,2,0,0
BRDA:34,2,1,12
BRDA:48,3,0,16
BRDA:48,3,1,6
BRF:8
BRH:7
end_of_record
TN:
SF:src\hooks\redux.ts
FN:4,(anonymous_0)
FN:7,(anonymous_1)
FN:10,(anonymous_2)
FNF:3
FNH:3
FNDA:4,(anonymous_0)
FNDA:8,(anonymous_1)
FNDA:107,(anonymous_2)
DA:1,1
DA:4,4
DA:5,1
DA:7,8
DA:8,1
DA:10,107
DA:11,1
LF:7
LH:7
BRF:0
BRH:0
end_of_record
TN:
SF:src\mocks\handlers.ts
FN:476,(anonymous_0)
FNF:1
FNH:0
FNDA:0,(anonymous_0)
DA:1,1
DA:3,1
DA:236,1
DA:475,1
DA:491,0
LF:5
LH:4
BRF:0
BRH:0
end_of_record
TN:
SF:src\services\HeroesService.ts
FN:8,(anonymous_0)
FN:10,(anonymous_1)
FN:19,(anonymous_2)
FNF:3
FNH:3
FNDA:1,(anonymous_0)
FNDA:3,(anonymous_1)
FNDA:2,(anonymous_2)
DA:1,1
DA:5,1
DA:8,1
DA:10,3
DA:19,2
LF:5
LH:5
BRDA:10,0,0,0
BRDA:10,1,0,0
BRF:2
BRH:0
end_of_record
TN:
SF:src\shared\utils\getHeroNumber.ts
FN:3,getHeroNumber
FNF:1
FNH:1
FNDA:91,getHeroNumber
DA:3,1
DA:4,91
LF:2
LH:2
BRF:0
BRH:0
end_of_record
TN:
SF:src\shared\utils\getPagesArray.ts
FN:1,getPagesArray
FNF:1
FNH:1
FNDA:4,getPagesArray
DA:1,1
DA:2,4
DA:4,4
DA:5,9
DA:8,4
LF:5
LH:5
BRF:0
BRH:0
end_of_record
TN:
SF:src\shared\utils\getTotalPages.ts
FN:1,getTotalPages
FNF:1
FNH:1
FNDA:3,getTotalPages
DA:1,1
DA:2,3
LF:2
LH:2
BRF:0
BRH:0
end_of_record
TN:
SF:src\store\PagesSlice.ts
FN:19,(anonymous_0)
FN:22,(anonymous_1)
FN:26,(anonymous_2)
FN:27,(anonymous_3)
FNF:4
FNH:2
FNDA:0,(anonymous_0)
FNDA:0,(anonymous_1)
FNDA:1,(anonymous_2)
FNDA:3,(anonymous_3)
DA:1,1
DA:2,1
DA:3,1
DA:10,1
DA:15,1
DA:20,0
DA:23,0
DA:27,1
DA:28,3
DA:33,1
DA:35,1
LF:11
LH:9
BRF:0
BRH:0
end_of_record
TN:
SF:src\store\SearchSlice.ts
FN:20,(anonymous_0)
FN:23,(anonymous_1)
FN:26,(anonymous_2)
FN:29,(anonymous_3)
FN:33,(anonymous_4)
FN:34,(anonymous_5)
FN:37,(anonymous_6)
FNF:7
FNH:3
FNDA:0,(anonymous_0)
FNDA:0,(anonymous_1)
FNDA:0,(anonymous_2)
FNDA:0,(anonymous_3)
FNDA:1,(anonymous_4)
FNDA:3,(anonymous_5)
FNDA:3,(anonymous_6)
DA:1,1
DA:2,1
DA:10,1
DA:16,1
DA:21,0
DA:24,0
DA:27,0
DA:30,0
DA:34,1
DA:35,3
DA:37,1
DA:38,3
DA:43,1
DA:44,1
DA:46,1
LF:15
LH:11
BRDA:11,0,0,1
BRDA:11,0,1,1
BRF:2
BRH:2
end_of_record
TN:
SF:src\store\ViewModeSlice.ts
FN:18,(anonymous_0)
FN:21,(anonymous_1)
FN:25,(anonymous_2)
FN:26,(anonymous_3)
FN:29,(anonymous_4)
FNF:5
FNH:4
FNDA:2,(anonymous_0)
FNDA:0,(anonymous_1)
FNDA:1,(anonymous_2)
FNDA:2,(anonymous_3)
FNDA:2,(anonymous_4)
DA:1,1
DA:2,1
DA:9,1
DA:14,1
DA:19,2
DA:22,0
DA:26,1
DA:27,2
DA:29,1
DA:30,2
DA:35,1
DA:37,1
LF:12
LH:11
BRF:0
BRH:0
end_of_record
TN:
SF:src\store\store.ts
FN:14,(anonymous_0)
FN:18,(anonymous_1)
FNF:2
FNH:2
FNDA:5,(anonymous_0)
FNDA:5,(anonymous_1)
DA:1,1
DA:2,1
DA:3,1
DA:4,1
DA:5,1
DA:7,1
DA:14,1
DA:15,5
DA:18,5
LF:9
LH:9
BRF:0
BRH:0
end_of_record
